/*C1*/SET SCHEMA SYSTEM_LOBS
INSERT INTO BLOCKS VALUES(0,2147483647,0)
COMMIT
/*C2*/SET SCHEMA PUBLIC
DISCONNECT
/*C3*/SET SCHEMA PUBLIC
\u000a    drop table User if exists
\u000a    create table User (\u000a        id integer generated by default as identity (start with 1),\u000a        login varchar(255),\u000a        password varchar(255),\u000a        primary key (id)\u000a    )
/*C4*/SET SCHEMA PUBLIC
\u000a    drop table User if exists
\u000a    create table User (\u000a        id integer generated by default as identity (start with 1),\u000a        login varchar(255),\u000a        password varchar(255),\u000a        primary key (id)\u000a    )
INSERT INTO USER VALUES(1,'fabiano','123')
COMMIT
/*C5*/SET SCHEMA PUBLIC
\u000a    drop table User if exists
\u000a    create table User (\u000a        id integer generated by default as identity (start with 1),\u000a        login varchar(255),\u000a        password varchar(255),\u000a        primary key (id)\u000a    )
INSERT INTO USER VALUES(1,'fabiano','123')
COMMIT
/*C6*/SET SCHEMA PUBLIC
\u000a    drop table User if exists
\u000a    create table User (\u000a        id integer generated by default as identity (start with 1),\u000a        login varchar(255),\u000a        password varchar(255),\u000a        primary key (id)\u000a    )
INSERT INTO USER VALUES(1,'fabiano','123')
COMMIT
/*C7*/SET SCHEMA PUBLIC
\u000a    drop table User if exists
\u000a    create table User (\u000a        id integer generated by default as identity (start with 1),\u000a        login varchar(255),\u000a        password varchar(255),\u000a        primary key (id)\u000a    )
INSERT INTO USER VALUES(1,'fabiano','123')
INSERT INTO USER VALUES(2,'outro','44443')
COMMIT
/*C3*/DISCONNECT
/*C4*/DISCONNECT
/*C5*/DISCONNECT
/*C6*/DISCONNECT
/*C7*/DISCONNECT
